<?xml version="1.0" encoding="UTF-8"?>
<!-- Generated by org.testng.reporters.JUnitXMLReporter -->
<testsuite ignored="4" hostname="LAPTOP-MATHCUTA" failures="0" tests="1" name="Default test" time="50.303" errors="0" timestamp="2024-06-12T19:51:23 GMT-04:00">
  <testcase classname="Batch2_selenium.BrowserControl" name="navigateOptions" time="32.011"/>
  <testcase classname="Batch2_selenium.BrowserControl" name="getpageSource" time="0.0">
    <ignored/>
  </testcase> <!-- getpageSource -->
  <testcase classname="Batch2_selenium.BrowserControl" name="navigateConcepts" time="0.0">
    <ignored/>
  </testcase> <!-- navigateConcepts -->
  <testcase classname="Batch2_selenium.BrowserControl" name="getURL" time="0.0">
    <ignored/>
  </testcase> <!-- getURL -->
  <testcase classname="Batch2_selenium.BrowserControl" name="driverclosequit" time="0.0">
    <ignored/>
  </testcase> <!-- driverclosequit -->
</testsuite> <!-- Default test -->
