<?xml version="1.0" encoding="UTF-8"?>
<testng-results ignored="0" total="1" passed="1" failed="0" skipped="0">
  <reporter-output>
  </reporter-output>
  <suite started-at="2024-06-12T19:50:33 GMT-04:00" name="Default suite" finished-at="2024-06-12T19:51:23 GMT-04:00" duration-ms="50303">
    <groups>
    </groups>
    <test started-at="2024-06-12T19:50:33 GMT-04:00" name="Default test" finished-at="2024-06-12T19:51:23 GMT-04:00" duration-ms="50303">
      <class name="Batch2_selenium.BrowserControl">
        <test-method is-config="true" signature="beforeMethod()[pri:0, instance:Batch2_selenium.BrowserControl@815b41f]" started-at="2024-06-12T19:50:33 GMT-04:00" name="beforeMethod" finished-at="2024-06-12T19:50:50 GMT-04:00" duration-ms="17165" status="PASS">
          <reporter-output>
          </reporter-output>
        </test-method> <!-- beforeMethod -->
        <test-method signature="navigateOptions()[pri:0, instance:Batch2_selenium.BrowserControl@815b41f]" started-at="2024-06-12T19:50:50 GMT-04:00" name="navigateOptions" finished-at="2024-06-12T19:51:22 GMT-04:00" duration-ms="32011" status="PASS">
          <reporter-output>
          </reporter-output>
        </test-method> <!-- navigateOptions -->
        <test-method is-config="true" signature="afterMethod()[pri:0, instance:Batch2_selenium.BrowserControl@815b41f]" started-at="2024-06-12T19:51:22 GMT-04:00" name="afterMethod" finished-at="2024-06-12T19:51:23 GMT-04:00" duration-ms="1051" status="PASS">
          <reporter-output>
          </reporter-output>
        </test-method> <!-- afterMethod -->
      </class> <!-- Batch2_selenium.BrowserControl -->
    </test> <!-- Default test -->
  </suite> <!-- Default suite -->
</testng-results>
